ISim log file
Running: /home/bluelabuser/temp/yoda/DEA/UART_Receiver_isim_beh.exe -intstyle ise -gui -tclbatch isim.cmd -wdb /home/bluelabuser/temp/yoda/DEA/UART_Receiver_isim_beh.wdb 
ISim P.20131013 (signature 0xfbc00daa)
----------------------------------------------------------------------
WARNING:Security:42 - Your software subscription period has lapsed. Your current version of Xilinx tools will continue to function, but you no longer qualify for Xilinx software updates or new releases.


----------------------------------------------------------------------
This is a Full version of ISim.
Time resolution is 1 ps
# onerror resume
# wave add /
# run 1000 ns
Simulator is doing circuit initialization process.
Finished circuit initialization process.
# isim force add /UART_Receiver/Clk 1 -radix bin -value 0 -radix bin -time 5 ns -repeat 10 ns
# isim force add /UART_Receiver/Ack 1 -radix bin -value 0 -radix bin -time 50 ns -repeat 100 ns
# isim force add /UART_Receiver/Rx a -radix hex
/UART_Receiver/Rx: Object size 1 does not match size of given value a .
# run all
Stopped at time : 242032180 ns : File "/home/bluelabuser/temp/yoda/DEA/UART_Receiver.v" Line 55
# isim force add /UART_Receiver/Reset 0 -radix bin
ISim P.20131013 (signature 0xfbc00daa)
----------------------------------------------------------------------
WARNING:Security:42 - Your software subscription period has lapsed. Your current version of Xilinx tools will continue to function, but you no longer qualify for Xilinx software updates or new releases.


----------------------------------------------------------------------
This is a Full version of ISim.
# run 1000 ns
Simulator is doing circuit initialization process.
Finished circuit initialization process.
# run all
# run all
# run all
# run all
# isim force add /UART_Receiver/Reset 0 -radix bin
# isim force add /UART_Receiver/Clk 1 -radix bin -value 0 -radix bin -time 500 ps -repeat 1 ns
# isim force add /UART_Receiver/Ack 1 -radix bin
# isim force add /UART_Receiver/Rx f -radix hex
/UART_Receiver/Rx: Object size 1 does not match size of given value f .
# run all
Stopped at time : 117775144 ns : File "/home/bluelabuser/temp/yoda/DEA/UART_Receiver.v" Line 55
# isim force add /UART_Receiver/Rx f -radix hex
/UART_Receiver/Rx: Object size 1 does not match size of given value f .
# isim force add /UART_Receiver/Rx f -radix hex
/UART_Receiver/Rx: Object size 1 does not match size of given value f .
